app/build/outputs/logs/manifest-merger-debug-report.txt
-- Merging decision tree log ---
manifest
ADDED from src\main\AndroidManifest.xml:2:1-84:12
	package
		ADDED from src\main\AndroidManifest.xml:3:5-36
		INJECTED from src\main\AndroidManifest.xml
		INJECTED from src\main\AndroidManifest.xml
	android:versionName
		INJECTED from src\main\AndroidManifest.xml
		INJECTED from src\main\AndroidManifest.xml
	xmlns:android
		ADDED from src\main\AndroidManifest.xml:2:11-69
	android:versionCode
		INJECTED from src\main\AndroidManifest.xml
		INJECTED from src\main\AndroidManifest.xml
uses-sdk
ADDED from src\main\AndroidManifest.xml:5:5-7:41
MERGED from [demo_src:DuerSdkLib:unspecified] AndroidManifest.xml:7:5-9:41
MERGED from [com.android.support:appcompat-v7:25.4.0] AndroidManifest.xml:21:5-23:78
MERGED from [com.android.support:support-v4:25.4.0] AndroidManifest.xml:21:5-23:54
MERGED from [com.android.support:support-fragment:25.4.0] AndroidManifest.xml:21:5-23:60
MERGED from [com.android.support:support-media-compat:25.4.0] AndroidManifest.xml:21:5-23:63
MERGED from [com.android.support:support-core-utils:25.4.0] AndroidManifest.xml:21:5-23:61
MERGED from [com.android.support:animated-vector-drawable:25.4.0] AndroidManifest.xml:20:5-44
MERGED from [com.android.support:support-vector-drawable:25.4.0] AndroidManifest.xml:20:5-43
MERGED from [com.android.support:support-core-ui:25.4.0] AndroidManifest.xml:21:5-23:58
MERGED from [com.android.support:support-compat:25.4.0] AndroidManifest.xml:21:5-23:58
	tools:overrideLibrary
		ADDED from [com.android.support:appcompat-v7:25.4.0] AndroidManifest.xml:23:9-75
	android:targetSdkVersion
		ADDED from src\main\AndroidManifest.xml:7:9-38
		INJECTED from src\main\AndroidManifest.xml
		INJECTED from src\main\AndroidManifest.xml
	android:minSdkVersion
		ADDED from src\main\AndroidManifest.xml:6:9-35
		INJECTED from src\main\AndroidManifest.xml
		INJECTED from src\main\AndroidManifest.xml
uses-permission#android.permission.RECORD_AUDIO
ADDED from src\main\AndroidManifest.xml:10:5-71
	android:name
		ADDED from src\main\AndroidManifest.xml:10:22-68
uses-permission#android.permission.ACCESS_WIFI_STATE
ADDED from src\main\AndroidManifest.xml:13:5-76
	android:name
		ADDED from src\main\AndroidManifest.xml:13:22-73
uses-permission#android.permission.ACCESS_NETWORK_STATE
ADDED from src\main\AndroidManifest.xml:14:5-79
	android:name
		ADDED from src\main\AndroidManifest.xml:14:22-76
uses-permission#android.permission.READ_PHONE_STATE
ADDED from src\main\AndroidManifest.xml:15:5-75
	android:name
		ADDED from src\main\AndroidManifest.xml:15:22-72
uses-permission#android.permission.INTERNET
ADDED from src\main\AndroidManifest.xml:16:5-67
	android:name
		ADDED from src\main\AndroidManifest.xml:16:22-64
uses-permission#android.permission.READ_CONTACTS
ADDED from src\main\AndroidManifest.xml:17:5-72
	android:name
		ADDED from src\main\AndroidManifest.xml:17:22-69
uses-permission#android.permission.READ_EXTERNAL_STORAGE
ADDED from src\main\AndroidManifest.xml:18:5-80
	android:name
		ADDED from src\main\AndroidManifest.xml:18:22-77
uses-permission#android.permission.WRITE_EXTERNAL_STORAGE
ADDED from src\main\AndroidManifest.xml:19:5-81
	android:name
		ADDED from src\main\AndroidManifest.xml:19:22-78
uses-permission#android.permission.ACCESS_COARSE_LOCATION
ADDED from src\main\AndroidManifest.xml:23:5-81
	android:name
		ADDED from src\main\AndroidManifest.xml:23:22-78
uses-permission#android.permission.ACCESS_FINE_LOCATION
ADDED from src\main\AndroidManifest.xml:25:5-79
	android:name
		ADDED from src\main\AndroidManifest.xml:25:22-76
uses-permission#android.permission.CHANGE_WIFI_STATE
ADDED from src\main\AndroidManifest.xml:31:5-76
	android:name
		ADDED from src\main\AndroidManifest.xml:31:22-73
uses-permission#android.permission.MOUNT_UNMOUNT_FILESYSTEMS
ADDED from src\main\AndroidManifest.xml:39:5-84
	android:name
		ADDED from src\main\AndroidManifest.xml:39:22-81
application
ADDED from src\main\AndroidManifest.xml:41:5-82:19
MERGED from [com.android.support:appcompat-v7:25.4.0] AndroidManifest.xml:25:5-29:19
MERGED from [com.android.support:support-v4:25.4.0] AndroidManifest.xml:25:5-29:19
MERGED from [com.android.support:support-fragment:25.4.0] AndroidManifest.xml:25:5-29:19
MERGED from [com.android.support:support-media-compat:25.4.0] AndroidManifest.xml:25:5-29:19
MERGED from [com.android.support:support-core-utils:25.4.0] AndroidManifest.xml:25:5-29:19
MERGED from [com.android.support:animated-vector-drawable:25.4.0] AndroidManifest.xml:22:5-26:19
MERGED from [com.android.support:support-vector-drawable:25.4.0] AndroidManifest.xml:22:5-26:19
MERGED from [com.android.support:support-core-ui:25.4.0] AndroidManifest.xml:25:5-29:19
MERGED from [com.android.support:support-compat:25.4.0] AndroidManifest.xml:25:5-29:19
	android:label
		ADDED from src\main\AndroidManifest.xml:45:9-41
	android:allowBackup
		ADDED from src\main\AndroidManifest.xml:43:9-35
	android:icon
		ADDED from src\main\AndroidManifest.xml:44:9-43
	android:name
		ADDED from src\main\AndroidManifest.xml:42:9-40
meta-data#com.baidu.speech.APP_ID
ADDED from src\main\AndroidManifest.xml:48:9-84
	android:value
		ADDED from src\main\AndroidManifest.xml:48:59-82
	android:name
		ADDED from src\main\AndroidManifest.xml:48:20-58
meta-data#com.baidu.speech.API_KEY
ADDED from src\main\AndroidManifest.xml:49:9-102
	android:value
		ADDED from src\main\AndroidManifest.xml:49:60-100
	android:name
		ADDED from src\main\AndroidManifest.xml:49:20-59
meta-data#com.baidu.speech.SECRET_KEY
ADDED from src\main\AndroidManifest.xml:50:9-113
	android:value
		ADDED from src\main\AndroidManifest.xml:50:63-111
	android:name
		ADDED from src\main\AndroidManifest.xml:50:20-62
meta-data#com.baidu.lbsapi.API_KEY
ADDED from src\main\AndroidManifest.xml:55:9-57:56
	android:value
		ADDED from src\main\AndroidManifest.xml:57:13-53
	android:name
		ADDED from src\main\AndroidManifest.xml:56:13-52
service#com.baidu.location.f
ADDED from src\main\AndroidManifest.xml:59:9-62:41
	android:enabled
		ADDED from src\main\AndroidManifest.xml:61:13-35
	android:process
		ADDED from src\main\AndroidManifest.xml:62:13-38
	android:name
		ADDED from src\main\AndroidManifest.xml:60:13-48
activity#com.baidu.duersdkdemo.MainActivity
ADDED from src\main\AndroidManifest.xml:64:9-72:20
	android:screenOrientation
		ADDED from src\main\AndroidManifest.xml:66:13-49
	android:name
		ADDED from src\main\AndroidManifest.xml:65:13-41
intent-filter#android.intent.action.MAIN+android.intent.category.LAUNCHER
ADDED from src\main\AndroidManifest.xml:67:13-71:29
action#android.intent.action.MAIN
ADDED from src\main\AndroidManifest.xml:68:17-69
	android:name
		ADDED from src\main\AndroidManifest.xml:68:25-66
category#android.intent.category.LAUNCHER
ADDED from src\main\AndroidManifest.xml:70:17-77
	android:name
		ADDED from src\main\AndroidManifest.xml:70:27-74
activity#com.baidu.duersdkdemo.featuremodel.ChatActivity
ADDED from src\main\AndroidManifest.xml:73:9-63
	android:name
		ADDED from src\main\AndroidManifest.xml:73:19-60
activity#com.baidu.duersdkdemo.featuremodel.TTSTestActivity
ADDED from src\main\AndroidManifest.xml:74:9-66
	android:name
		ADDED from src\main\AndroidManifest.xml:74:19-63
activity#com.baidu.duersdkdemo.featuremodel.SendMessageTestActivity
ADDED from src\main\AndroidManifest.xml:75:9-74
	android:name
		ADDED from src\main\AndroidManifest.xml:75:19-71
activity#com.baidu.duersdkdemo.featuremodel.UploadTestActivity
ADDED from src\main\AndroidManifest.xml:76:9-69
	android:name
		ADDED from src\main\AndroidManifest.xml:76:19-66
activity#com.baidu.duersdkdemo.voicerecognition.VoiceRecTouchActivity
ADDED from src\main\AndroidManifest.xml:77:9-76
	android:name
		ADDED from src\main\AndroidManifest.xml:77:19-73
activity#com.baidu.duersdkdemo.voicerecognition.VoiceRecognitionActivity
ADDED from src\main\AndroidManifest.xml:78:9-79
	android:name
		ADDED from src\main\AndroidManifest.xml:78:19-76
activity#com.baidu.duersdkdemo.voicerecognition.VoiceRecVadActivity
ADDED from src\main\AndroidManifest.xml:79:9-74
	android:name
		ADDED from src\main\AndroidManifest.xml:79:19-71
activity#com.baidu.duersdkdemo.voicerecognition.VoiceRecPcmStreamActivity
ADDED from src\main\AndroidManifest.xml:80:9-80
	android:name
		ADDED from src\main\AndroidManifest.xml:80:19-77
activity#com.baidu.duersdkdemo.voicerecognition.VoiceWakeUpActivity
ADDED from src\main\AndroidManifest.xml:81:9-83
	android:name
		ADDED from src\main\AndroidManifest.xml:81:19-71
meta-data#android.support.VERSION
ADDED from [com.android.support:appcompat-v7:25.4.0] AndroidManifest.xml:26:9-28:38
MERGED from [com.android.support:support-v4:25.4.0] AndroidManifest.xml:26:9-28:38
MERGED from [com.android.support:support-fragment:25.4.0] AndroidManifest.xml:26:9-28:38
MERGED from [com.android.support:support-media-compat:25.4.0] AndroidManifest.xml:26:9-28:38
MERGED from [com.android.support:support-core-utils:25.4.0] AndroidManifest.xml:26:9-28:38
MERGED from [com.android.support:animated-vector-drawable:25.4.0] AndroidManifest.xml:23:9-25:38
MERGED from [com.android.support:support-vector-drawable:25.4.0] AndroidManifest.xml:23:9-25:38
MERGED from [com.android.support:support-core-ui:25.4.0] AndroidManifest.xml:26:9-28:38
MERGED from [com.android.support:support-compat:25.4.0] AndroidManifest.xml:26:9-28:38
	android:value
		ADDED from [com.android.support:appcompat-v7:25.4.0] AndroidManifest.xml:28:13-35
	android:name
		ADDED from [com.android.support:appcompat-v7:25.4.0] AndroidManifest.xml:27:13-51